<?xml version="1.0" encoding="UTF-8"?>
<!-- Generated by org.testng.reporters.JUnitReportReporter -->
<testsuite hostname="VJ-ThinkVersion" failures="0" tests="1" name="test.LoginModuleTest" time="1.197" errors="0" timestamp="2023-06-22T07:59:49 IST" skipped="0">
  <testcase classname="test.LoginModuleTest" name="InvalidLoginValidPassword" time="1.197"/>
</testsuite> <!-- test.LoginModuleTest -->
